<?xml version="1.0" encoding="UTF-8"?>
<!-- Generated by org.testng.reporters.JUnitReportReporter -->
<testsuite hostname="DESKTOP-GH57NSN" failures="0" tests="1" name="Amazon.amazonTestNG" time="79.861" errors="0" timestamp="01 Feb 2019 18:21:33 GMT" skipped="0">
  <testcase classname="Amazon.amazonTestNG" name="testing" time="79.861"/>
</testsuite> <!-- Amazon.amazonTestNG -->
