<?xml version="1.0" encoding="UTF-8"?>
<!-- Generated by org.testng.reporters.JUnitReportReporter -->
<testsuite hostname="DESKTOP-GH57NSN" failures="0" tests="2" name="uploadPic.RSVPautomation" time="48.673" errors="0" timestamp="06 Aug 2019 20:01:45 GMT" skipped="0">
  <testcase classname="uploadPic.RSVPautomation" name="openURL" time="17.580"/>
  <testcase classname="uploadPic.RSVPautomation" name="profileImageFunctionality" time="31.093"/>
</testsuite> <!-- uploadPic.RSVPautomation -->
