<?xml version="1.0" encoding="UTF-8"?>
<!-- Generated by org.testng.reporters.JUnitReportReporter -->
<testsuite hostname="DESKTOP-GH57NSN" failures="0" tests="1" name="guru99Project.DemoProject" time="0.877" errors="0" timestamp="28 Mar 2019 08:35:41 GMT" skipped="0">
  <testcase classname="guru99Project.DemoProject" name="enterCredentials" time="0.877"/>
</testsuite> <!-- guru99Project.DemoProject -->
