<?xml version="1.0" encoding="UTF-8"?>
<!-- Generated by org.testng.reporters.JUnitReportReporter -->
<testsuite hostname="DESKTOP-GH57NSN" failures="0" tests="2" name="mmtBooking.MMTbooking" time="2.994" errors="0" timestamp="03 May 2019 14:49:46 GMT" skipped="0">
  <testcase classname="mmtBooking.MMTbooking" name="homePage" time="0.289"/>
  <testcase classname="mmtBooking.MMTbooking" name="loginPage" time="2.705"/>
</testsuite> <!-- mmtBooking.MMTbooking -->
