<?xml version="1.0" encoding="UTF-8"?>
<!-- Generated by org.testng.reporters.JUnitReportReporter -->
<testsuite hostname="DESKTOP-GH57NSN" failures="0" tests="1" name="guru99Project.TestLoginClass" time="8.234" errors="0" timestamp="28 Mar 2019 20:15:16 GMT" skipped="0">
  <testcase classname="guru99Project.TestLoginClass" name="testLoginObject" time="8.234"/>
</testsuite> <!-- guru99Project.TestLoginClass -->
