<?xml version="1.0" encoding="UTF-8"?>
<!-- Generated by org.testng.reporters.JUnitReportReporter -->
<testsuite hostname="LAPTOP-R6HR3B0J" name="com.cts.aig.selenium.test.testCase.Assignment03" tests="1" failures="0" timestamp="30 Apr 2020 10:46:19 GMT" time="16.070" errors="0">
  <testcase name="userRegistration" time="16.070" classname="com.cts.aig.selenium.test.testCase.Assignment03"/>
</testsuite> <!-- com.cts.aig.selenium.test.testCase.Assignment03 -->
