<?xml version="1.0" encoding="UTF-8"?>
<!-- Generated by org.testng.reporters.JUnitReportReporter -->
<testsuite hostname="LAPTOP-R6HR3B0J" name="com.cts.aig.selenium.test.testCase.Assignment04" tests="5" failures="0" timestamp="30 Apr 2020 10:46:19 GMT" time="89.101" errors="0">
  <testcase name="handleInputFieldSum" time="17.996" classname="com.cts.aig.selenium.test.testCase.Assignment04"/>
  <testcase name="handleInputFieldSum" time="19.155" classname="com.cts.aig.selenium.test.testCase.Assignment04"/>
  <testcase name="handleInputFieldDisplay" time="17.773" classname="com.cts.aig.selenium.test.testCase.Assignment04"/>
  <testcase name="handleInputFieldSum" time="17.287" classname="com.cts.aig.selenium.test.testCase.Assignment04"/>
  <testcase name="handleInputFieldSum" time="16.890" classname="com.cts.aig.selenium.test.testCase.Assignment04"/>
</testsuite> <!-- com.cts.aig.selenium.test.testCase.Assignment04 -->
