<?xml version="1.0" encoding="UTF-8"?>
<!-- Generated by org.testng.reporters.JUnitReportReporter -->
<testsuite skipped="0" hostname="Professor-4792" name="com.crm.testcases.HomePageTest" tests="3" failures="0" timestamp="02 May 2020 16:34:43 GMT" time="67.364" errors="0">
  <testcase name="homePageTitleTest" time="20.483" classname="com.crm.testcases.HomePageTest"/>
  <testcase name="verifyUserNameLabelTest" time="23.657" classname="com.crm.testcases.HomePageTest"/>
  <testcase name="verifyContactsLinkTest" time="23.224" classname="com.crm.testcases.HomePageTest"/>
</testsuite> <!-- com.crm.testcases.HomePageTest -->
