<?xml version="1.0" encoding="UTF-8"?>
<!-- Generated by org.testng.reporters.JUnitReportReporter -->
<testsuite skipped="0" hostname="Professor-4792" name="com.crm.testcases.ContactsPageTest" tests="3" failures="0" timestamp="02 May 2020 16:34:43 GMT" time="74.989" errors="0">
  <testcase name="verifyContactsPageLabel" time="26.520" classname="com.crm.testcases.ContactsPageTest"/>
  <testcase name="selectSingleContactsTest" time="25.998" classname="com.crm.testcases.ContactsPageTest"/>
  <testcase name="selectMultipleContactsTest" time="22.471" classname="com.crm.testcases.ContactsPageTest"/>
</testsuite> <!-- com.crm.testcases.ContactsPageTest -->
