<?xml version="1.0" encoding="UTF-8"?>
<!-- Generated by org.testng.reporters.JUnitReportReporter -->
<testsuite skipped="0" hostname="Professor-4792" name="com.crm.testcases.LoginPageTest" tests="2" failures="0" timestamp="02 May 2020 16:34:43 GMT" time="35.738" errors="0">
  <testcase name="CRMlogoImageTest" time="11.499" classname="com.crm.testcases.LoginPageTest"/>
  <testcase name="loginTest" time="24.239" classname="com.crm.testcases.LoginPageTest"/>
</testsuite> <!-- com.crm.testcases.LoginPageTest -->
