<?xml version="1.0" encoding="UTF-8"?>
<!-- Generated by org.testng.reporters.JUnitReportReporter -->
<testsuite hostname="DESKTOP-GH57NSN" failures="0" tests="2" name="practice.AmazonAuto" time="15.663" errors="0" timestamp="14 Jun 2019 06:09:22 GMT" skipped="1">
  <testcase classname="practice.AmazonAuto" name="homePage" time="15.663"/>
  <testcase classname="practice.AmazonAuto" name="loginPage">
    <skipped/>
  </testcase> <!-- loginPage -->
</testsuite> <!-- practice.AmazonAuto -->
