<?xml version="1.0" encoding="UTF-8"?>
<!-- Generated by org.testng.reporters.JUnitReportReporter -->
<testsuite hostname="DESKTOP-GH57NSN" failures="0" tests="1" name="practice.FirstMavenTest" time="2.029" errors="0" timestamp="14 May 2019 19:52:23 GMT" skipped="0">
  <testcase classname="practice.FirstMavenTest" name="testEasy" time="2.029"/>
</testsuite> <!-- practice.FirstMavenTest -->
