<?xml version="1.0" encoding="UTF-8"?>
<!-- Generated by org.testng.reporters.JUnitReportReporter -->
<testsuite hostname="DESKTOP-GH57NSN" failures="0" tests="2" name="guru99Project1.TestCase1" time="57.220" errors="0" timestamp="26 Mar 2019 05:58:05 GMT" skipped="0">
  <testcase classname="guru99Project1.TestCase1" name="VerifyLoginSection" time="7.479"/>
  <testcase classname="guru99Project1.TestCase1" name="OpenBrowser" time="49.741"/>
</testsuite> <!-- guru99Project1.TestCase1 -->
