<?xml version="1.0" encoding="UTF-8"?>
<!-- Generated by org.testng.reporters.JUnitReportReporter -->
<testsuite hostname="DESKTOP-GH57NSN" failures="0" tests="2" name="pomTestCases.VerifyHomePage" time="10.347" errors="0" timestamp="15 Feb 2019 05:23:37 GMT" skipped="0">
  <testcase classname="pomTestCases.VerifyHomePage" name="verifyHomePage" time="0.015"/>
  <testcase classname="pomTestCases.VerifyHomePage" name="signIn" time="10.332"/>
</testsuite> <!-- pomTestCases.VerifyHomePage -->
