<?xml version="1.0" encoding="UTF-8"?>
<!-- Generated by org.testng.reporters.JUnitReportReporter -->
<testsuite hostname="DESKTOP-GH57NSN" failures="0" tests="2" name="walletHub.Assignment2_demo" time="38.340" errors="0" timestamp="10 Jul 2019 08:30:54 GMT" skipped="0">
  <testcase classname="walletHub.Assignment2_demo" name="walletHubLogin" time="16.238"/>
  <testcase classname="walletHub.Assignment2_demo" name="goToProfileAndConfirm" time="22.102"/>
</testsuite> <!-- walletHub.Assignment2_demo -->
