<?xml version="1.0" encoding="UTF-8"?>
<!-- Generated by org.testng.reporters.JUnitReportReporter -->
<testsuite hostname="DESKTOP-GH57NSN" failures="0" tests="2" name="testNG.BeforeAfterTestsAndMethods" time="10.393" errors="0" timestamp="17 Feb 2019 19:09:11 GMT" skipped="0">
  <testcase classname="testNG.BeforeAfterTestsAndMethods" name="register" time="6.529"/>
  <testcase classname="testNG.BeforeAfterTestsAndMethods" name="support" time="3.864"/>
</testsuite> <!-- testNG.BeforeAfterTestsAndMethods -->
