<?xml version="1.0" encoding="UTF-8"?>
<!-- Generated by org.testng.reporters.JUnitReportReporter -->
<testsuite hostname="DESKTOP-GH57NSN" failures="0" tests="1" name="practiceSelenium.UltimateQA" time="0.073" errors="0" timestamp="14 Jun 2019 06:04:05 GMT" skipped="0">
  <testcase classname="practiceSelenium.UltimateQA" name="verifyHomePage" time="0.073"/>
</testsuite> <!-- practiceSelenium.UltimateQA -->
