<?xml version="1.0" encoding="UTF-8"?>
<!-- Generated by org.testng.reporters.JUnitReportReporter -->
<testsuite hostname="DESKTOP-GH57NSN" failures="0" tests="2" name="walletHub.Assignment1" time="78.177" errors="0" timestamp="10 Jul 2019 09:40:39 GMT" skipped="0">
  <testcase classname="walletHub.Assignment1" name="fbStatus" time="6.028"/>
  <testcase classname="walletHub.Assignment1" name="facebookLogin" time="72.149"/>
</testsuite> <!-- walletHub.Assignment1 -->
