<?xml version="1.0" encoding="UTF-8"?>
<!-- Generated by org.testng.reporters.JUnitReportReporter -->
<testsuite hostname="DESKTOP-GH57NSN" failures="0" tests="3" name="webTableConcepts.RedBus" time="8.047" errors="0" timestamp="14 Jun 2019 06:36:37 GMT" skipped="0">
  <testcase classname="webTableConcepts.RedBus" name="verifyHomePage" time="2.692"/>
  <testcase classname="webTableConcepts.RedBus" name="selectDate" time="1.042"/>
  <testcase classname="webTableConcepts.RedBus" name="clickSearch" time="4.313"/>
</testsuite> <!-- webTableConcepts.RedBus -->
