<?xml version="1.0" encoding="UTF-8"?>
<!-- Generated by org.testng.reporters.JUnitReportReporter -->
<testsuite hostname="DESKTOP-GH57NSN" failures="0" tests="2" name="testNG.AnnotationExample" time="0.025" errors="0" timestamp="16 Jun 2019 23:46:31 GMT" skipped="0">
  <testcase classname="testNG.AnnotationExample" name="testCase2" time="0.003"/>
  <testcase classname="testNG.AnnotationExample" name="testCase1" time="0.022"/>
</testsuite> <!-- testNG.AnnotationExample -->
