<?xml version="1.0" encoding="UTF-8"?>
<!-- Generated by org.testng.reporters.JUnitReportReporter -->
<testsuite hostname="DESKTOP-GH57NSN" failures="0" tests="3" name="testNG.Facebook" time="21.493" errors="0" timestamp="15 Feb 2019 05:15:29 GMT" skipped="0">
  <testcase classname="testNG.Facebook" name="verifyHomePage" time="0.016"/>
  <testcase classname="testNG.Facebook" name="signIn" time="19.281"/>
  <testcase classname="testNG.Facebook" name="SearchandSelect" time="2.196"/>
</testsuite> <!-- testNG.Facebook -->
