<?xml version="1.0" encoding="UTF-8"?>
<!-- Generated by org.testng.reporters.JUnitReportReporter -->
<testsuite hostname="DESKTOP-GH57NSN" failures="0" tests="4" name="walletHub.Assignment2" time="42.662" errors="0" timestamp="10 Jul 2019 22:37:41 GMT" skipped="0">
  <testcase classname="walletHub.Assignment2" name="walletHubLogin" time="8.023"/>
  <testcase classname="walletHub.Assignment2" name="hoverAndClick5Star" time="11.699"/>
  <testcase classname="walletHub.Assignment2" name="selectReviewSubmit" time="18.364"/>
  <testcase classname="walletHub.Assignment2" name="goToProfileAndConfirm" time="4.576"/>
</testsuite> <!-- walletHub.Assignment2 -->
