<?xml version="1.0" encoding="UTF-8"?>
<!-- Generated by org.testng.reporters.JUnitReportReporter -->
<testsuite hostname="LAPTOP-R6HR3B0J" name="com.cts.aig.selenium.test.testCase.Assignment09" tests="2" failures="0" timestamp="30 Apr 2020 10:46:19 GMT" time="52.141" errors="0">
  <testcase name="captchaHandle" time="26.187" classname="com.cts.aig.selenium.test.testCase.Assignment09"/>
  <testcase name="captchaHandle" time="25.954" classname="com.cts.aig.selenium.test.testCase.Assignment09"/>
</testsuite> <!-- com.cts.aig.selenium.test.testCase.Assignment09 -->
