<?xml version="1.0" encoding="UTF-8"?>
<!-- Generated by org.testng.reporters.JUnitReportReporter -->
<testsuite hostname="LAPTOP-R6HR3B0J" name="com.cts.aig.selenium.test.testCase.Assignment01" tests="4" failures="0" timestamp="30 Apr 2020 10:46:19 GMT" time="109.015" errors="0">
  <testcase name="browserInitialization" time="14.353" classname="com.cts.aig.selenium.test.testCase.Assignment01"/>
  <testcase name="browserInitialization" time="16.684" classname="com.cts.aig.selenium.test.testCase.Assignment01"/>
  <testcase name="browserInitialization" time="55.971" classname="com.cts.aig.selenium.test.testCase.Assignment01"/>
  <testcase name="browserInitialization" time="22.007" classname="com.cts.aig.selenium.test.testCase.Assignment01"/>
</testsuite> <!-- com.cts.aig.selenium.test.testCase.Assignment01 -->
