<?xml version="1.0" encoding="UTF-8"?>
<!-- Generated by org.testng.reporters.JUnitReportReporter -->
<testsuite hostname="LAPTOP-R6HR3B0J" name="com.cts.aig.selenium.test.testCase.Assignment05" tests="1" failures="0" timestamp="30 Apr 2020 10:46:19 GMT" time="17.880" errors="0">
  <testcase name="handleInputField" time="17.880" classname="com.cts.aig.selenium.test.testCase.Assignment05"/>
</testsuite> <!-- com.cts.aig.selenium.test.testCase.Assignment05 -->
