<?xml version="1.0" encoding="UTF-8"?>
<!-- Generated by org.testng.reporters.JUnitReportReporter -->
<testsuite hostname="LAPTOP-R6HR3B0J" name="com.cts.aig.selenium.test.testCase.Assignment02" tests="2" failures="0" timestamp="30 Apr 2020 10:46:19 GMT" time="40.957" errors="0">
  <testcase name="invalidLogin" time="17.071" classname="com.cts.aig.selenium.test.testCase.Assignment02"/>
  <testcase name="invalidLogin" time="23.886" classname="com.cts.aig.selenium.test.testCase.Assignment02"/>
</testsuite> <!-- com.cts.aig.selenium.test.testCase.Assignment02 -->
